Dashloader Build 1.3

------------------------------------------------
Prep Dashboard
------------------------------------------------
Loading Prep Dashboard - E:\Prep\Default.xbe
Dashboard doesn't Exist

------------------------------------------------
Softmod Quick Update/Upgrade Dashboard
------------------------------------------------
Loading Quick Update Dashboard - E:\Quick Update\Default.xbe
Loading Quick Upgrade Dashboard - E:\Quick Upgrade\Default.xbe
Dashboards don't Exist

------------------------------------------------
ShadowC Partition Integrity Check
------------------------------------------------
Checking ShadowC image integrity
ShadowC image is loaded

------------------------------------------------
Dashboard Locations
------------------------------------------------
Loading C:\XBMC-Emustation\Default.xbe
Dashboard doesn't Exist

Loading E:\XBMC-Emustation\Default.xbe
Dashboard doesn't Exist

Loading F:\XBMC-Emustation\Default.xbe
Dashboard doesn't Exist

Loading C:\XBMC4Gamers\Default.xbe
Dashboard doesn't Exist

Loading E:\XBMC4Gamers\Default.xbe
Dashboard doesn't Exist

Loading F:\XBMC4Gamers\Default.xbe
Dashboard doesn't Exist

Loading C:\XBMC4Xbox\Default.xbe
Dashboard doesn't Exist

Loading E:\XBMC4Xbox\Default.xbe
Dashboard doesn't Exist

Loading F:\XBMC4Xbox\Default.xbe
Dashboard doesn't Exist

Loading C:\XBMC\Default.xbe
Dashboard doesn't Exist

Loading E:\XBMC\Default.xbe
Dashboard doesn't Exist

Loading F:\XBMC\Default.xbe
Dashboard doesn't Exist

Loading C:\Dashboard\Default.xbe
